MyProjectKotlin/app/build/intermediates/manifest_merge_blame_file/debug/manifest-merger-blame-debug-report.txt
1<?xml version="1.0" encoding="utf-8"?>
2<manifest xmlns:android="http://schemas.android.com/apk/res/android"
3    package="com.example.myprojectkotlin"
4    android:versionCode="1"
5    android:versionName="1.0" >
6
7    <uses-sdk
8        android:minSdkVersion="21"
8-->src\main\AndroidManifest.xml
9        android:targetSdkVersion="30" />
9-->src\main\AndroidManifest.xml
10
11    <uses-permission android:name="android.permission.INTERNET" />
11-->src\main\AndroidManifest.xml:5:5-67
11-->src\main\AndroidManifest.xml:5:22-64
12
13    <!-- Include required permissions for Google Maps API to run. -->
14    <uses-permission android:name="android.permission.ACCESS_NETWORK_STATE" />
14-->[com.google.android.gms:play-services-maps:17.0.0] AndroidManifest.xml:23:5-79
14-->[com.google.android.gms:play-services-maps:17.0.0] AndroidManifest.xml:23:22-76
15
16    <uses-feature
16-->[com.google.android.gms:play-services-maps:17.0.0] AndroidManifest.xml:26:5-28:35
17        android:glEsVersion="0x00020000"
17-->[com.google.android.gms:play-services-maps:17.0.0] AndroidManifest.xml:27:9-41
18        android:required="true" />
18-->[com.google.android.gms:play-services-maps:17.0.0] AndroidManifest.xml:28:9-32
19
20    <uses-permission android:name="android.permission.WAKE_LOCK" />
20-->[com.google.android.gms:play-services-measurement-sdk-api:17.1.0] AndroidManifest.xml:25:5-68
20-->[com.google.android.gms:play-services-measurement-sdk-api:17.1.0] AndroidManifest.xml:25:22-65
21
22    <application
22-->src\main\AndroidManifest.xml:7:5-25:19
23        android:allowBackup="true"
23-->src\main\AndroidManifest.xml:8:9-35
24        android:appComponentFactory="androidx.core.app.CoreComponentFactory"
24-->[androidx.core:core:1.3.0] AndroidManifest.xml:24:18-86
25        android:debuggable="true"
26        android:icon="@mipmap/ic_launcher"
26-->src\main\AndroidManifest.xml:9:9-43
27        android:label="@string/app_name"
27-->src\main\AndroidManifest.xml:10:9-41
28        android:roundIcon="@mipmap/ic_launcher_round"
28-->src\main\AndroidManifest.xml:11:9-54
29        android:supportsRtl="true"
29-->src\main\AndroidManifest.xml:12:9-35
30        android:testOnly="true"
31        android:theme="@style/AppTheme" >
31-->src\main\AndroidManifest.xml:13:9-40
32        <activity android:name="com.example.myprojectkotlin.MainActivity" >
32-->src\main\AndroidManifest.xml:14:9-20:20
32-->src\main\AndroidManifest.xml:14:19-47
33            <intent-filter>
33-->src\main\AndroidManifest.xml:15:13-19:29
34                <action android:name="android.intent.action.MAIN" />
34-->src\main\AndroidManifest.xml:16:17-69
34-->src\main\AndroidManifest.xml:16:25-66
35
36                <category android:name="android.intent.category.LAUNCHER" />
36-->src\main\AndroidManifest.xml:18:17-77
36-->src\main\AndroidManifest.xml:18:27-74
37            </intent-filter>
38        </activity>
39
40        <meta-data
40-->src\main\AndroidManifest.xml:22:9-24:35
41            android:name="com.google.android.gms.ads.AD_MANAGER_APP"
41-->src\main\AndroidManifest.xml:23:13-69
42            android:value="true" />
42-->src\main\AndroidManifest.xml:24:13-33
43        <!-- Needs to be explicitly declared on P+ -->
44        <uses-library
44-->[com.google.android.gms:play-services-maps:17.0.0] AndroidManifest.xml:33:9-35:40
45            android:name="org.apache.http.legacy"
45-->[com.google.android.gms:play-services-maps:17.0.0] AndroidManifest.xml:34:13-50
46            android:required="false" /> <!-- Include the AdActivity and InAppPurchaseActivity configChanges and themes. -->
46-->[com.google.android.gms:play-services-maps:17.0.0] AndroidManifest.xml:35:13-37
47        <activity
47-->[com.google.android.gms:play-services-ads-lite:19.2.0] AndroidManifest.xml:29:9-33:64
48            android:name="com.google.android.gms.ads.AdActivity"
48-->[com.google.android.gms:play-services-ads-lite:19.2.0] AndroidManifest.xml:30:13-65
49            android:configChanges="keyboard|keyboardHidden|orientation|screenLayout|uiMode|screenSize|smallestScreenSize"
49-->[com.google.android.gms:play-services-ads-lite:19.2.0] AndroidManifest.xml:31:13-122
50            android:exported="false"
50-->[com.google.android.gms:play-services-ads-lite:19.2.0] AndroidManifest.xml:32:13-37
51            android:theme="@android:style/Theme.Translucent" />
51-->[com.google.android.gms:play-services-ads-lite:19.2.0] AndroidManifest.xml:33:13-61
52
53        <provider
53-->[com.google.android.gms:play-services-ads-lite:19.2.0] AndroidManifest.xml:35:9-39:39
54            android:name="com.google.android.gms.ads.MobileAdsInitProvider"
54-->[com.google.android.gms:play-services-ads-lite:19.2.0] AndroidManifest.xml:36:13-76
55            android:authorities="com.example.myprojectkotlin.mobileadsinitprovider"
55-->[com.google.android.gms:play-services-ads-lite:19.2.0] AndroidManifest.xml:37:13-73
56            android:exported="false"
56-->[com.google.android.gms:play-services-ads-lite:19.2.0] AndroidManifest.xml:38:13-37
57            android:initOrder="100" />
57-->[com.google.android.gms:play-services-ads-lite:19.2.0] AndroidManifest.xml:39:13-36
58
59        <activity
59-->[com.google.android.gms:play-services-base:17.0.0] AndroidManifest.xml:23:9-26:75
60            android:name="com.google.android.gms.common.api.GoogleApiActivity"
60-->[com.google.android.gms:play-services-base:17.0.0] AndroidManifest.xml:24:13-79
61            android:exported="false"
61-->[com.google.android.gms:play-services-base:17.0.0] AndroidManifest.xml:25:13-37
62            android:theme="@android:style/Theme.Translucent.NoTitleBar" />
62-->[com.google.android.gms:play-services-base:17.0.0] AndroidManifest.xml:26:13-72
63
64        <meta-data
64-->[com.google.android.gms:play-services-basement:17.0.0] AndroidManifest.xml:23:9-25:69
65            android:name="com.google.android.gms.version"
65-->[com.google.android.gms:play-services-basement:17.0.0] AndroidManifest.xml:24:13-58
66            android:value="@integer/google_play_services_version" />
66-->[com.google.android.gms:play-services-basement:17.0.0] AndroidManifest.xml:25:13-66
67    </application>
68
69</manifest>